ARM GAS  /var/folders/h5/t6jc6jh127n_294bflj9bdw40000gn/T//cc70slOg.s 			page 1


   1              		.cpu cortex-m4
   2              		.eabi_attribute 27, 1
   3              		.eabi_attribute 28, 1
   4              		.eabi_attribute 20, 1
   5              		.eabi_attribute 21, 1
   6              		.eabi_attribute 23, 3
   7              		.eabi_attribute 24, 1
   8              		.eabi_attribute 25, 1
   9              		.eabi_attribute 26, 1
  10              		.eabi_attribute 30, 1
  11              		.eabi_attribute 34, 1
  12              		.eabi_attribute 18, 4
  13              		.file	"stm32f4xx_hal_msp.c"
  14              		.text
  15              	.Ltext0:
  16              		.cfi_sections	.debug_frame
  17              		.section	.text.HAL_MspInit,"ax",%progbits
  18              		.align	1
  19              		.global	HAL_MspInit
  20              		.arch armv7e-m
  21              		.syntax unified
  22              		.thumb
  23              		.thumb_func
  24              		.fpu fpv4-sp-d16
  26              	HAL_MspInit:
  27              	.LFB130:
  28              		.file 1 "Src/stm32f4xx_hal_msp.c"
   1:Src/stm32f4xx_hal_msp.c **** /* USER CODE BEGIN Header */
   2:Src/stm32f4xx_hal_msp.c **** /**
   3:Src/stm32f4xx_hal_msp.c ****   ******************************************************************************
   4:Src/stm32f4xx_hal_msp.c ****   * @file         stm32f4xx_hal_msp.c
   5:Src/stm32f4xx_hal_msp.c ****   * @brief        This file provides code for the MSP Initialization
   6:Src/stm32f4xx_hal_msp.c ****   *               and de-Initialization codes.
   7:Src/stm32f4xx_hal_msp.c ****   ******************************************************************************
   8:Src/stm32f4xx_hal_msp.c ****   * @attention
   9:Src/stm32f4xx_hal_msp.c ****   *
  10:Src/stm32f4xx_hal_msp.c ****   * <h2><center>&copy; Copyright (c) 2021 STMicroelectronics.
  11:Src/stm32f4xx_hal_msp.c ****   * All rights reserved.</center></h2>
  12:Src/stm32f4xx_hal_msp.c ****   *
  13:Src/stm32f4xx_hal_msp.c ****   * This software component is licensed by ST under BSD 3-Clause license,
  14:Src/stm32f4xx_hal_msp.c ****   * the "License"; You may not use this file except in compliance with the
  15:Src/stm32f4xx_hal_msp.c ****   * License. You may obtain a copy of the License at:
  16:Src/stm32f4xx_hal_msp.c ****   *                        opensource.org/licenses/BSD-3-Clause
  17:Src/stm32f4xx_hal_msp.c ****   *
  18:Src/stm32f4xx_hal_msp.c ****   ******************************************************************************
  19:Src/stm32f4xx_hal_msp.c ****   */
  20:Src/stm32f4xx_hal_msp.c **** /* USER CODE END Header */
  21:Src/stm32f4xx_hal_msp.c **** 
  22:Src/stm32f4xx_hal_msp.c **** /* Includes ------------------------------------------------------------------*/
  23:Src/stm32f4xx_hal_msp.c **** #include "main.h"
  24:Src/stm32f4xx_hal_msp.c **** /* USER CODE BEGIN Includes */
  25:Src/stm32f4xx_hal_msp.c **** 
  26:Src/stm32f4xx_hal_msp.c **** /* USER CODE END Includes */
  27:Src/stm32f4xx_hal_msp.c **** 
  28:Src/stm32f4xx_hal_msp.c **** /* Private typedef -----------------------------------------------------------*/
  29:Src/stm32f4xx_hal_msp.c **** /* USER CODE BEGIN TD */
  30:Src/stm32f4xx_hal_msp.c **** 
ARM GAS  /var/folders/h5/t6jc6jh127n_294bflj9bdw40000gn/T//cc70slOg.s 			page 2


  31:Src/stm32f4xx_hal_msp.c **** /* USER CODE END TD */
  32:Src/stm32f4xx_hal_msp.c **** 
  33:Src/stm32f4xx_hal_msp.c **** /* Private define ------------------------------------------------------------*/
  34:Src/stm32f4xx_hal_msp.c **** /* USER CODE BEGIN Define */
  35:Src/stm32f4xx_hal_msp.c **** 
  36:Src/stm32f4xx_hal_msp.c **** /* USER CODE END Define */
  37:Src/stm32f4xx_hal_msp.c **** 
  38:Src/stm32f4xx_hal_msp.c **** /* Private macro -------------------------------------------------------------*/
  39:Src/stm32f4xx_hal_msp.c **** /* USER CODE BEGIN Macro */
  40:Src/stm32f4xx_hal_msp.c **** 
  41:Src/stm32f4xx_hal_msp.c **** /* USER CODE END Macro */
  42:Src/stm32f4xx_hal_msp.c **** 
  43:Src/stm32f4xx_hal_msp.c **** /* Private variables ---------------------------------------------------------*/
  44:Src/stm32f4xx_hal_msp.c **** /* USER CODE BEGIN PV */
  45:Src/stm32f4xx_hal_msp.c **** 
  46:Src/stm32f4xx_hal_msp.c **** /* USER CODE END PV */
  47:Src/stm32f4xx_hal_msp.c **** 
  48:Src/stm32f4xx_hal_msp.c **** /* Private function prototypes -----------------------------------------------*/
  49:Src/stm32f4xx_hal_msp.c **** /* USER CODE BEGIN PFP */
  50:Src/stm32f4xx_hal_msp.c **** 
  51:Src/stm32f4xx_hal_msp.c **** /* USER CODE END PFP */
  52:Src/stm32f4xx_hal_msp.c **** 
  53:Src/stm32f4xx_hal_msp.c **** /* External functions --------------------------------------------------------*/
  54:Src/stm32f4xx_hal_msp.c **** /* USER CODE BEGIN ExternalFunctions */
  55:Src/stm32f4xx_hal_msp.c **** 
  56:Src/stm32f4xx_hal_msp.c **** /* USER CODE END ExternalFunctions */
  57:Src/stm32f4xx_hal_msp.c **** 
  58:Src/stm32f4xx_hal_msp.c **** /* USER CODE BEGIN 0 */
  59:Src/stm32f4xx_hal_msp.c **** 
  60:Src/stm32f4xx_hal_msp.c **** /* USER CODE END 0 */
  61:Src/stm32f4xx_hal_msp.c **** /**
  62:Src/stm32f4xx_hal_msp.c ****   * Initializes the Global MSP.
  63:Src/stm32f4xx_hal_msp.c ****   */
  64:Src/stm32f4xx_hal_msp.c **** void HAL_MspInit(void)
  65:Src/stm32f4xx_hal_msp.c **** {
  29              		.loc 1 65 1 view -0
  30              		.cfi_startproc
  31              		@ args = 0, pretend = 0, frame = 8
  32              		@ frame_needed = 0, uses_anonymous_args = 0
  33              		@ link register save eliminated.
  34 0000 82B0     		sub	sp, sp, #8
  35              	.LCFI0:
  36              		.cfi_def_cfa_offset 8
  66:Src/stm32f4xx_hal_msp.c ****   /* USER CODE BEGIN MspInit 0 */
  67:Src/stm32f4xx_hal_msp.c **** 
  68:Src/stm32f4xx_hal_msp.c ****   /* USER CODE END MspInit 0 */
  69:Src/stm32f4xx_hal_msp.c **** 
  70:Src/stm32f4xx_hal_msp.c ****   __HAL_RCC_SYSCFG_CLK_ENABLE();
  37              		.loc 1 70 3 view .LVU1
  38              	.LBB2:
  39              		.loc 1 70 3 view .LVU2
  40 0002 0021     		movs	r1, #0
  41 0004 0091     		str	r1, [sp]
  42              		.loc 1 70 3 view .LVU3
  43 0006 0B4B     		ldr	r3, .L3
  44 0008 5A6C     		ldr	r2, [r3, #68]
  45 000a 42F48042 		orr	r2, r2, #16384
ARM GAS  /var/folders/h5/t6jc6jh127n_294bflj9bdw40000gn/T//cc70slOg.s 			page 3


  46 000e 5A64     		str	r2, [r3, #68]
  47              		.loc 1 70 3 view .LVU4
  48 0010 5A6C     		ldr	r2, [r3, #68]
  49 0012 02F48042 		and	r2, r2, #16384
  50 0016 0092     		str	r2, [sp]
  51              		.loc 1 70 3 view .LVU5
  52 0018 009A     		ldr	r2, [sp]
  53              	.LBE2:
  54              		.loc 1 70 3 view .LVU6
  71:Src/stm32f4xx_hal_msp.c ****   __HAL_RCC_PWR_CLK_ENABLE();
  55              		.loc 1 71 3 view .LVU7
  56              	.LBB3:
  57              		.loc 1 71 3 view .LVU8
  58 001a 0191     		str	r1, [sp, #4]
  59              		.loc 1 71 3 view .LVU9
  60 001c 1A6C     		ldr	r2, [r3, #64]
  61 001e 42F08052 		orr	r2, r2, #268435456
  62 0022 1A64     		str	r2, [r3, #64]
  63              		.loc 1 71 3 view .LVU10
  64 0024 1B6C     		ldr	r3, [r3, #64]
  65 0026 03F08053 		and	r3, r3, #268435456
  66 002a 0193     		str	r3, [sp, #4]
  67              		.loc 1 71 3 view .LVU11
  68 002c 019B     		ldr	r3, [sp, #4]
  69              	.LBE3:
  70              		.loc 1 71 3 view .LVU12
  72:Src/stm32f4xx_hal_msp.c **** 
  73:Src/stm32f4xx_hal_msp.c ****   /* System interrupt init*/
  74:Src/stm32f4xx_hal_msp.c **** 
  75:Src/stm32f4xx_hal_msp.c ****   /* USER CODE BEGIN MspInit 1 */
  76:Src/stm32f4xx_hal_msp.c **** 
  77:Src/stm32f4xx_hal_msp.c ****   /* USER CODE END MspInit 1 */
  78:Src/stm32f4xx_hal_msp.c **** }
  71              		.loc 1 78 1 is_stmt 0 view .LVU13
  72 002e 02B0     		add	sp, sp, #8
  73              	.LCFI1:
  74              		.cfi_def_cfa_offset 0
  75              		@ sp needed
  76 0030 7047     		bx	lr
  77              	.L4:
  78 0032 00BF     		.align	2
  79              	.L3:
  80 0034 00380240 		.word	1073887232
  81              		.cfi_endproc
  82              	.LFE130:
  84              		.section	.text.HAL_I2C_MspInit,"ax",%progbits
  85              		.align	1
  86              		.global	HAL_I2C_MspInit
  87              		.syntax unified
  88              		.thumb
  89              		.thumb_func
  90              		.fpu fpv4-sp-d16
  92              	HAL_I2C_MspInit:
  93              	.LVL0:
  94              	.LFB131:
  79:Src/stm32f4xx_hal_msp.c **** 
  80:Src/stm32f4xx_hal_msp.c **** /**
ARM GAS  /var/folders/h5/t6jc6jh127n_294bflj9bdw40000gn/T//cc70slOg.s 			page 4


  81:Src/stm32f4xx_hal_msp.c **** * @brief I2C MSP Initialization
  82:Src/stm32f4xx_hal_msp.c **** * This function configures the hardware resources used in this example
  83:Src/stm32f4xx_hal_msp.c **** * @param hi2c: I2C handle pointer
  84:Src/stm32f4xx_hal_msp.c **** * @retval None
  85:Src/stm32f4xx_hal_msp.c **** */
  86:Src/stm32f4xx_hal_msp.c **** void HAL_I2C_MspInit(I2C_HandleTypeDef* hi2c)
  87:Src/stm32f4xx_hal_msp.c **** {
  95              		.loc 1 87 1 is_stmt 1 view -0
  96              		.cfi_startproc
  97              		@ args = 0, pretend = 0, frame = 32
  98              		@ frame_needed = 0, uses_anonymous_args = 0
  99              		.loc 1 87 1 is_stmt 0 view .LVU15
 100 0000 30B5     		push	{r4, r5, lr}
 101              	.LCFI2:
 102              		.cfi_def_cfa_offset 12
 103              		.cfi_offset 4, -12
 104              		.cfi_offset 5, -8
 105              		.cfi_offset 14, -4
 106 0002 89B0     		sub	sp, sp, #36
 107              	.LCFI3:
 108              		.cfi_def_cfa_offset 48
  88:Src/stm32f4xx_hal_msp.c ****   GPIO_InitTypeDef GPIO_InitStruct = {0};
 109              		.loc 1 88 3 is_stmt 1 view .LVU16
 110              		.loc 1 88 20 is_stmt 0 view .LVU17
 111 0004 0023     		movs	r3, #0
 112 0006 0393     		str	r3, [sp, #12]
 113 0008 0493     		str	r3, [sp, #16]
 114 000a 0593     		str	r3, [sp, #20]
 115 000c 0693     		str	r3, [sp, #24]
 116 000e 0793     		str	r3, [sp, #28]
  89:Src/stm32f4xx_hal_msp.c ****   if(hi2c->Instance==I2C1)
 117              		.loc 1 89 3 is_stmt 1 view .LVU18
 118              		.loc 1 89 10 is_stmt 0 view .LVU19
 119 0010 0268     		ldr	r2, [r0]
 120              		.loc 1 89 5 view .LVU20
 121 0012 154B     		ldr	r3, .L9
 122 0014 9A42     		cmp	r2, r3
 123 0016 01D0     		beq	.L8
 124              	.LVL1:
 125              	.L5:
  90:Src/stm32f4xx_hal_msp.c ****   {
  91:Src/stm32f4xx_hal_msp.c ****   /* USER CODE BEGIN I2C1_MspInit 0 */
  92:Src/stm32f4xx_hal_msp.c **** 
  93:Src/stm32f4xx_hal_msp.c ****   /* USER CODE END I2C1_MspInit 0 */
  94:Src/stm32f4xx_hal_msp.c **** 
  95:Src/stm32f4xx_hal_msp.c ****     __HAL_RCC_GPIOB_CLK_ENABLE();
  96:Src/stm32f4xx_hal_msp.c ****     /**I2C1 GPIO Configuration
  97:Src/stm32f4xx_hal_msp.c ****     PB8     ------> I2C1_SCL
  98:Src/stm32f4xx_hal_msp.c ****     PB9     ------> I2C1_SDA
  99:Src/stm32f4xx_hal_msp.c ****     */
 100:Src/stm32f4xx_hal_msp.c ****     GPIO_InitStruct.Pin = GPIO_PIN_8|GPIO_PIN_9;
 101:Src/stm32f4xx_hal_msp.c ****     GPIO_InitStruct.Mode = GPIO_MODE_AF_OD;
 102:Src/stm32f4xx_hal_msp.c ****     GPIO_InitStruct.Pull = GPIO_PULLUP;
 103:Src/stm32f4xx_hal_msp.c ****     GPIO_InitStruct.Speed = GPIO_SPEED_FREQ_VERY_HIGH;
 104:Src/stm32f4xx_hal_msp.c ****     GPIO_InitStruct.Alternate = GPIO_AF4_I2C1;
 105:Src/stm32f4xx_hal_msp.c ****     HAL_GPIO_Init(GPIOB, &GPIO_InitStruct);
 106:Src/stm32f4xx_hal_msp.c **** 
ARM GAS  /var/folders/h5/t6jc6jh127n_294bflj9bdw40000gn/T//cc70slOg.s 			page 5


 107:Src/stm32f4xx_hal_msp.c ****     /* Peripheral clock enable */
 108:Src/stm32f4xx_hal_msp.c ****     __HAL_RCC_I2C1_CLK_ENABLE();
 109:Src/stm32f4xx_hal_msp.c ****   /* USER CODE BEGIN I2C1_MspInit 1 */
 110:Src/stm32f4xx_hal_msp.c **** 
 111:Src/stm32f4xx_hal_msp.c ****   /* USER CODE END I2C1_MspInit 1 */
 112:Src/stm32f4xx_hal_msp.c ****   }
 113:Src/stm32f4xx_hal_msp.c **** 
 114:Src/stm32f4xx_hal_msp.c **** }
 126              		.loc 1 114 1 view .LVU21
 127 0018 09B0     		add	sp, sp, #36
 128              	.LCFI4:
 129              		.cfi_remember_state
 130              		.cfi_def_cfa_offset 12
 131              		@ sp needed
 132 001a 30BD     		pop	{r4, r5, pc}
 133              	.LVL2:
 134              	.L8:
 135              	.LCFI5:
 136              		.cfi_restore_state
  95:Src/stm32f4xx_hal_msp.c ****     /**I2C1 GPIO Configuration
 137              		.loc 1 95 5 is_stmt 1 view .LVU22
 138              	.LBB4:
  95:Src/stm32f4xx_hal_msp.c ****     /**I2C1 GPIO Configuration
 139              		.loc 1 95 5 view .LVU23
 140 001c 0025     		movs	r5, #0
 141 001e 0195     		str	r5, [sp, #4]
  95:Src/stm32f4xx_hal_msp.c ****     /**I2C1 GPIO Configuration
 142              		.loc 1 95 5 view .LVU24
 143 0020 124C     		ldr	r4, .L9+4
 144 0022 236B     		ldr	r3, [r4, #48]
 145 0024 43F00203 		orr	r3, r3, #2
 146 0028 2363     		str	r3, [r4, #48]
  95:Src/stm32f4xx_hal_msp.c ****     /**I2C1 GPIO Configuration
 147              		.loc 1 95 5 view .LVU25
 148 002a 236B     		ldr	r3, [r4, #48]
 149 002c 03F00203 		and	r3, r3, #2
 150 0030 0193     		str	r3, [sp, #4]
  95:Src/stm32f4xx_hal_msp.c ****     /**I2C1 GPIO Configuration
 151              		.loc 1 95 5 view .LVU26
 152 0032 019B     		ldr	r3, [sp, #4]
 153              	.LBE4:
  95:Src/stm32f4xx_hal_msp.c ****     /**I2C1 GPIO Configuration
 154              		.loc 1 95 5 view .LVU27
 100:Src/stm32f4xx_hal_msp.c ****     GPIO_InitStruct.Mode = GPIO_MODE_AF_OD;
 155              		.loc 1 100 5 view .LVU28
 100:Src/stm32f4xx_hal_msp.c ****     GPIO_InitStruct.Mode = GPIO_MODE_AF_OD;
 156              		.loc 1 100 25 is_stmt 0 view .LVU29
 157 0034 4FF44073 		mov	r3, #768
 158 0038 0393     		str	r3, [sp, #12]
 101:Src/stm32f4xx_hal_msp.c ****     GPIO_InitStruct.Pull = GPIO_PULLUP;
 159              		.loc 1 101 5 is_stmt 1 view .LVU30
 101:Src/stm32f4xx_hal_msp.c ****     GPIO_InitStruct.Pull = GPIO_PULLUP;
 160              		.loc 1 101 26 is_stmt 0 view .LVU31
 161 003a 1223     		movs	r3, #18
 162 003c 0493     		str	r3, [sp, #16]
 102:Src/stm32f4xx_hal_msp.c ****     GPIO_InitStruct.Speed = GPIO_SPEED_FREQ_VERY_HIGH;
 163              		.loc 1 102 5 is_stmt 1 view .LVU32
ARM GAS  /var/folders/h5/t6jc6jh127n_294bflj9bdw40000gn/T//cc70slOg.s 			page 6


 102:Src/stm32f4xx_hal_msp.c ****     GPIO_InitStruct.Speed = GPIO_SPEED_FREQ_VERY_HIGH;
 164              		.loc 1 102 26 is_stmt 0 view .LVU33
 165 003e 0123     		movs	r3, #1
 166 0040 0593     		str	r3, [sp, #20]
 103:Src/stm32f4xx_hal_msp.c ****     GPIO_InitStruct.Alternate = GPIO_AF4_I2C1;
 167              		.loc 1 103 5 is_stmt 1 view .LVU34
 103:Src/stm32f4xx_hal_msp.c ****     GPIO_InitStruct.Alternate = GPIO_AF4_I2C1;
 168              		.loc 1 103 27 is_stmt 0 view .LVU35
 169 0042 0323     		movs	r3, #3
 170 0044 0693     		str	r3, [sp, #24]
 104:Src/stm32f4xx_hal_msp.c ****     HAL_GPIO_Init(GPIOB, &GPIO_InitStruct);
 171              		.loc 1 104 5 is_stmt 1 view .LVU36
 104:Src/stm32f4xx_hal_msp.c ****     HAL_GPIO_Init(GPIOB, &GPIO_InitStruct);
 172              		.loc 1 104 31 is_stmt 0 view .LVU37
 173 0046 0423     		movs	r3, #4
 174 0048 0793     		str	r3, [sp, #28]
 105:Src/stm32f4xx_hal_msp.c **** 
 175              		.loc 1 105 5 is_stmt 1 view .LVU38
 176 004a 03A9     		add	r1, sp, #12
 177 004c 0848     		ldr	r0, .L9+8
 178              	.LVL3:
 105:Src/stm32f4xx_hal_msp.c **** 
 179              		.loc 1 105 5 is_stmt 0 view .LVU39
 180 004e FFF7FEFF 		bl	HAL_GPIO_Init
 181              	.LVL4:
 108:Src/stm32f4xx_hal_msp.c ****   /* USER CODE BEGIN I2C1_MspInit 1 */
 182              		.loc 1 108 5 is_stmt 1 view .LVU40
 183              	.LBB5:
 108:Src/stm32f4xx_hal_msp.c ****   /* USER CODE BEGIN I2C1_MspInit 1 */
 184              		.loc 1 108 5 view .LVU41
 185 0052 0295     		str	r5, [sp, #8]
 108:Src/stm32f4xx_hal_msp.c ****   /* USER CODE BEGIN I2C1_MspInit 1 */
 186              		.loc 1 108 5 view .LVU42
 187 0054 236C     		ldr	r3, [r4, #64]
 188 0056 43F40013 		orr	r3, r3, #2097152
 189 005a 2364     		str	r3, [r4, #64]
 108:Src/stm32f4xx_hal_msp.c ****   /* USER CODE BEGIN I2C1_MspInit 1 */
 190              		.loc 1 108 5 view .LVU43
 191 005c 236C     		ldr	r3, [r4, #64]
 192 005e 03F40013 		and	r3, r3, #2097152
 193 0062 0293     		str	r3, [sp, #8]
 108:Src/stm32f4xx_hal_msp.c ****   /* USER CODE BEGIN I2C1_MspInit 1 */
 194              		.loc 1 108 5 view .LVU44
 195 0064 029B     		ldr	r3, [sp, #8]
 196              	.LBE5:
 108:Src/stm32f4xx_hal_msp.c ****   /* USER CODE BEGIN I2C1_MspInit 1 */
 197              		.loc 1 108 5 view .LVU45
 198              		.loc 1 114 1 is_stmt 0 view .LVU46
 199 0066 D7E7     		b	.L5
 200              	.L10:
 201              		.align	2
 202              	.L9:
 203 0068 00540040 		.word	1073763328
 204 006c 00380240 		.word	1073887232
 205 0070 00040240 		.word	1073873920
 206              		.cfi_endproc
 207              	.LFE131:
ARM GAS  /var/folders/h5/t6jc6jh127n_294bflj9bdw40000gn/T//cc70slOg.s 			page 7


 209              		.section	.text.HAL_I2C_MspDeInit,"ax",%progbits
 210              		.align	1
 211              		.global	HAL_I2C_MspDeInit
 212              		.syntax unified
 213              		.thumb
 214              		.thumb_func
 215              		.fpu fpv4-sp-d16
 217              	HAL_I2C_MspDeInit:
 218              	.LVL5:
 219              	.LFB132:
 115:Src/stm32f4xx_hal_msp.c **** 
 116:Src/stm32f4xx_hal_msp.c **** /**
 117:Src/stm32f4xx_hal_msp.c **** * @brief I2C MSP De-Initialization
 118:Src/stm32f4xx_hal_msp.c **** * This function freeze the hardware resources used in this example
 119:Src/stm32f4xx_hal_msp.c **** * @param hi2c: I2C handle pointer
 120:Src/stm32f4xx_hal_msp.c **** * @retval None
 121:Src/stm32f4xx_hal_msp.c **** */
 122:Src/stm32f4xx_hal_msp.c **** void HAL_I2C_MspDeInit(I2C_HandleTypeDef* hi2c)
 123:Src/stm32f4xx_hal_msp.c **** {
 220              		.loc 1 123 1 is_stmt 1 view -0
 221              		.cfi_startproc
 222              		@ args = 0, pretend = 0, frame = 0
 223              		@ frame_needed = 0, uses_anonymous_args = 0
 124:Src/stm32f4xx_hal_msp.c ****   if(hi2c->Instance==I2C1)
 224              		.loc 1 124 3 view .LVU48
 225              		.loc 1 124 10 is_stmt 0 view .LVU49
 226 0000 0268     		ldr	r2, [r0]
 227              		.loc 1 124 5 view .LVU50
 228 0002 0B4B     		ldr	r3, .L18
 229 0004 9A42     		cmp	r2, r3
 230 0006 00D0     		beq	.L17
 231 0008 7047     		bx	lr
 232              	.L17:
 123:Src/stm32f4xx_hal_msp.c ****   if(hi2c->Instance==I2C1)
 233              		.loc 1 123 1 view .LVU51
 234 000a 10B5     		push	{r4, lr}
 235              	.LCFI6:
 236              		.cfi_def_cfa_offset 8
 237              		.cfi_offset 4, -8
 238              		.cfi_offset 14, -4
 125:Src/stm32f4xx_hal_msp.c ****   {
 126:Src/stm32f4xx_hal_msp.c ****   /* USER CODE BEGIN I2C1_MspDeInit 0 */
 127:Src/stm32f4xx_hal_msp.c **** 
 128:Src/stm32f4xx_hal_msp.c ****   /* USER CODE END I2C1_MspDeInit 0 */
 129:Src/stm32f4xx_hal_msp.c ****     /* Peripheral clock disable */
 130:Src/stm32f4xx_hal_msp.c ****     __HAL_RCC_I2C1_CLK_DISABLE();
 239              		.loc 1 130 5 is_stmt 1 view .LVU52
 240 000c 094A     		ldr	r2, .L18+4
 241 000e 136C     		ldr	r3, [r2, #64]
 242 0010 23F40013 		bic	r3, r3, #2097152
 243 0014 1364     		str	r3, [r2, #64]
 131:Src/stm32f4xx_hal_msp.c **** 
 132:Src/stm32f4xx_hal_msp.c ****     /**I2C1 GPIO Configuration
 133:Src/stm32f4xx_hal_msp.c ****     PB8     ------> I2C1_SCL
 134:Src/stm32f4xx_hal_msp.c ****     PB9     ------> I2C1_SDA
 135:Src/stm32f4xx_hal_msp.c ****     */
 136:Src/stm32f4xx_hal_msp.c ****     HAL_GPIO_DeInit(GPIOB, GPIO_PIN_8);
ARM GAS  /var/folders/h5/t6jc6jh127n_294bflj9bdw40000gn/T//cc70slOg.s 			page 8


 244              		.loc 1 136 5 view .LVU53
 245 0016 084C     		ldr	r4, .L18+8
 246 0018 4FF48071 		mov	r1, #256
 247 001c 2046     		mov	r0, r4
 248              	.LVL6:
 249              		.loc 1 136 5 is_stmt 0 view .LVU54
 250 001e FFF7FEFF 		bl	HAL_GPIO_DeInit
 251              	.LVL7:
 137:Src/stm32f4xx_hal_msp.c **** 
 138:Src/stm32f4xx_hal_msp.c ****     HAL_GPIO_DeInit(GPIOB, GPIO_PIN_9);
 252              		.loc 1 138 5 is_stmt 1 view .LVU55
 253 0022 4FF40071 		mov	r1, #512
 254 0026 2046     		mov	r0, r4
 255 0028 FFF7FEFF 		bl	HAL_GPIO_DeInit
 256              	.LVL8:
 139:Src/stm32f4xx_hal_msp.c **** 
 140:Src/stm32f4xx_hal_msp.c ****   /* USER CODE BEGIN I2C1_MspDeInit 1 */
 141:Src/stm32f4xx_hal_msp.c **** 
 142:Src/stm32f4xx_hal_msp.c ****   /* USER CODE END I2C1_MspDeInit 1 */
 143:Src/stm32f4xx_hal_msp.c ****   }
 144:Src/stm32f4xx_hal_msp.c **** 
 145:Src/stm32f4xx_hal_msp.c **** }
 257              		.loc 1 145 1 is_stmt 0 view .LVU56
 258 002c 10BD     		pop	{r4, pc}
 259              	.L19:
 260 002e 00BF     		.align	2
 261              	.L18:
 262 0030 00540040 		.word	1073763328
 263 0034 00380240 		.word	1073887232
 264 0038 00040240 		.word	1073873920
 265              		.cfi_endproc
 266              	.LFE132:
 268              		.section	.text.HAL_SPI_MspInit,"ax",%progbits
 269              		.align	1
 270              		.global	HAL_SPI_MspInit
 271              		.syntax unified
 272              		.thumb
 273              		.thumb_func
 274              		.fpu fpv4-sp-d16
 276              	HAL_SPI_MspInit:
 277              	.LVL9:
 278              	.LFB133:
 146:Src/stm32f4xx_hal_msp.c **** 
 147:Src/stm32f4xx_hal_msp.c **** /**
 148:Src/stm32f4xx_hal_msp.c **** * @brief SPI MSP Initialization
 149:Src/stm32f4xx_hal_msp.c **** * This function configures the hardware resources used in this example
 150:Src/stm32f4xx_hal_msp.c **** * @param hspi: SPI handle pointer
 151:Src/stm32f4xx_hal_msp.c **** * @retval None
 152:Src/stm32f4xx_hal_msp.c **** */
 153:Src/stm32f4xx_hal_msp.c **** void HAL_SPI_MspInit(SPI_HandleTypeDef* hspi)
 154:Src/stm32f4xx_hal_msp.c **** {
 279              		.loc 1 154 1 is_stmt 1 view -0
 280              		.cfi_startproc
 281              		@ args = 0, pretend = 0, frame = 32
 282              		@ frame_needed = 0, uses_anonymous_args = 0
 283              		.loc 1 154 1 is_stmt 0 view .LVU58
 284 0000 00B5     		push	{lr}
ARM GAS  /var/folders/h5/t6jc6jh127n_294bflj9bdw40000gn/T//cc70slOg.s 			page 9


 285              	.LCFI7:
 286              		.cfi_def_cfa_offset 4
 287              		.cfi_offset 14, -4
 288 0002 89B0     		sub	sp, sp, #36
 289              	.LCFI8:
 290              		.cfi_def_cfa_offset 40
 155:Src/stm32f4xx_hal_msp.c ****   GPIO_InitTypeDef GPIO_InitStruct = {0};
 291              		.loc 1 155 3 is_stmt 1 view .LVU59
 292              		.loc 1 155 20 is_stmt 0 view .LVU60
 293 0004 0023     		movs	r3, #0
 294 0006 0393     		str	r3, [sp, #12]
 295 0008 0493     		str	r3, [sp, #16]
 296 000a 0593     		str	r3, [sp, #20]
 297 000c 0693     		str	r3, [sp, #24]
 298 000e 0793     		str	r3, [sp, #28]
 156:Src/stm32f4xx_hal_msp.c ****   if(hspi->Instance==SPI1)
 299              		.loc 1 156 3 is_stmt 1 view .LVU61
 300              		.loc 1 156 10 is_stmt 0 view .LVU62
 301 0010 0268     		ldr	r2, [r0]
 302              		.loc 1 156 5 view .LVU63
 303 0012 154B     		ldr	r3, .L24
 304 0014 9A42     		cmp	r2, r3
 305 0016 02D0     		beq	.L23
 306              	.LVL10:
 307              	.L20:
 157:Src/stm32f4xx_hal_msp.c ****   {
 158:Src/stm32f4xx_hal_msp.c ****   /* USER CODE BEGIN SPI1_MspInit 0 */
 159:Src/stm32f4xx_hal_msp.c **** 
 160:Src/stm32f4xx_hal_msp.c ****   /* USER CODE END SPI1_MspInit 0 */
 161:Src/stm32f4xx_hal_msp.c ****     /* Peripheral clock enable */
 162:Src/stm32f4xx_hal_msp.c ****     __HAL_RCC_SPI1_CLK_ENABLE();
 163:Src/stm32f4xx_hal_msp.c **** 
 164:Src/stm32f4xx_hal_msp.c ****     __HAL_RCC_GPIOA_CLK_ENABLE();
 165:Src/stm32f4xx_hal_msp.c ****     /**SPI1 GPIO Configuration
 166:Src/stm32f4xx_hal_msp.c ****     PA5     ------> SPI1_SCK
 167:Src/stm32f4xx_hal_msp.c ****     PA6     ------> SPI1_MISO
 168:Src/stm32f4xx_hal_msp.c ****     PA7     ------> SPI1_MOSI
 169:Src/stm32f4xx_hal_msp.c ****     */
 170:Src/stm32f4xx_hal_msp.c ****     GPIO_InitStruct.Pin = GPIO_PIN_5|GPIO_PIN_6|GPIO_PIN_7;
 171:Src/stm32f4xx_hal_msp.c ****     GPIO_InitStruct.Mode = GPIO_MODE_AF_PP;
 172:Src/stm32f4xx_hal_msp.c ****     GPIO_InitStruct.Pull = GPIO_NOPULL;
 173:Src/stm32f4xx_hal_msp.c ****     GPIO_InitStruct.Speed = GPIO_SPEED_FREQ_VERY_HIGH;
 174:Src/stm32f4xx_hal_msp.c ****     GPIO_InitStruct.Alternate = GPIO_AF5_SPI1;
 175:Src/stm32f4xx_hal_msp.c ****     HAL_GPIO_Init(GPIOA, &GPIO_InitStruct);
 176:Src/stm32f4xx_hal_msp.c **** 
 177:Src/stm32f4xx_hal_msp.c ****   /* USER CODE BEGIN SPI1_MspInit 1 */
 178:Src/stm32f4xx_hal_msp.c **** 
 179:Src/stm32f4xx_hal_msp.c ****   /* USER CODE END SPI1_MspInit 1 */
 180:Src/stm32f4xx_hal_msp.c ****   }
 181:Src/stm32f4xx_hal_msp.c **** 
 182:Src/stm32f4xx_hal_msp.c **** }
 308              		.loc 1 182 1 view .LVU64
 309 0018 09B0     		add	sp, sp, #36
 310              	.LCFI9:
 311              		.cfi_remember_state
 312              		.cfi_def_cfa_offset 4
 313              		@ sp needed
ARM GAS  /var/folders/h5/t6jc6jh127n_294bflj9bdw40000gn/T//cc70slOg.s 			page 10


 314 001a 5DF804FB 		ldr	pc, [sp], #4
 315              	.LVL11:
 316              	.L23:
 317              	.LCFI10:
 318              		.cfi_restore_state
 162:Src/stm32f4xx_hal_msp.c **** 
 319              		.loc 1 162 5 is_stmt 1 view .LVU65
 320              	.LBB6:
 162:Src/stm32f4xx_hal_msp.c **** 
 321              		.loc 1 162 5 view .LVU66
 322 001e 0021     		movs	r1, #0
 323 0020 0191     		str	r1, [sp, #4]
 162:Src/stm32f4xx_hal_msp.c **** 
 324              		.loc 1 162 5 view .LVU67
 325 0022 03F58433 		add	r3, r3, #67584
 326 0026 5A6C     		ldr	r2, [r3, #68]
 327 0028 42F48052 		orr	r2, r2, #4096
 328 002c 5A64     		str	r2, [r3, #68]
 162:Src/stm32f4xx_hal_msp.c **** 
 329              		.loc 1 162 5 view .LVU68
 330 002e 5A6C     		ldr	r2, [r3, #68]
 331 0030 02F48052 		and	r2, r2, #4096
 332 0034 0192     		str	r2, [sp, #4]
 162:Src/stm32f4xx_hal_msp.c **** 
 333              		.loc 1 162 5 view .LVU69
 334 0036 019A     		ldr	r2, [sp, #4]
 335              	.LBE6:
 162:Src/stm32f4xx_hal_msp.c **** 
 336              		.loc 1 162 5 view .LVU70
 164:Src/stm32f4xx_hal_msp.c ****     /**SPI1 GPIO Configuration
 337              		.loc 1 164 5 view .LVU71
 338              	.LBB7:
 164:Src/stm32f4xx_hal_msp.c ****     /**SPI1 GPIO Configuration
 339              		.loc 1 164 5 view .LVU72
 340 0038 0291     		str	r1, [sp, #8]
 164:Src/stm32f4xx_hal_msp.c ****     /**SPI1 GPIO Configuration
 341              		.loc 1 164 5 view .LVU73
 342 003a 1A6B     		ldr	r2, [r3, #48]
 343 003c 42F00102 		orr	r2, r2, #1
 344 0040 1A63     		str	r2, [r3, #48]
 164:Src/stm32f4xx_hal_msp.c ****     /**SPI1 GPIO Configuration
 345              		.loc 1 164 5 view .LVU74
 346 0042 1B6B     		ldr	r3, [r3, #48]
 347 0044 03F00103 		and	r3, r3, #1
 348 0048 0293     		str	r3, [sp, #8]
 164:Src/stm32f4xx_hal_msp.c ****     /**SPI1 GPIO Configuration
 349              		.loc 1 164 5 view .LVU75
 350 004a 029B     		ldr	r3, [sp, #8]
 351              	.LBE7:
 164:Src/stm32f4xx_hal_msp.c ****     /**SPI1 GPIO Configuration
 352              		.loc 1 164 5 view .LVU76
 170:Src/stm32f4xx_hal_msp.c ****     GPIO_InitStruct.Mode = GPIO_MODE_AF_PP;
 353              		.loc 1 170 5 view .LVU77
 170:Src/stm32f4xx_hal_msp.c ****     GPIO_InitStruct.Mode = GPIO_MODE_AF_PP;
 354              		.loc 1 170 25 is_stmt 0 view .LVU78
 355 004c E023     		movs	r3, #224
 356 004e 0393     		str	r3, [sp, #12]
ARM GAS  /var/folders/h5/t6jc6jh127n_294bflj9bdw40000gn/T//cc70slOg.s 			page 11


 171:Src/stm32f4xx_hal_msp.c ****     GPIO_InitStruct.Pull = GPIO_NOPULL;
 357              		.loc 1 171 5 is_stmt 1 view .LVU79
 171:Src/stm32f4xx_hal_msp.c ****     GPIO_InitStruct.Pull = GPIO_NOPULL;
 358              		.loc 1 171 26 is_stmt 0 view .LVU80
 359 0050 0223     		movs	r3, #2
 360 0052 0493     		str	r3, [sp, #16]
 172:Src/stm32f4xx_hal_msp.c ****     GPIO_InitStruct.Speed = GPIO_SPEED_FREQ_VERY_HIGH;
 361              		.loc 1 172 5 is_stmt 1 view .LVU81
 173:Src/stm32f4xx_hal_msp.c ****     GPIO_InitStruct.Alternate = GPIO_AF5_SPI1;
 362              		.loc 1 173 5 view .LVU82
 173:Src/stm32f4xx_hal_msp.c ****     GPIO_InitStruct.Alternate = GPIO_AF5_SPI1;
 363              		.loc 1 173 27 is_stmt 0 view .LVU83
 364 0054 0323     		movs	r3, #3
 365 0056 0693     		str	r3, [sp, #24]
 174:Src/stm32f4xx_hal_msp.c ****     HAL_GPIO_Init(GPIOA, &GPIO_InitStruct);
 366              		.loc 1 174 5 is_stmt 1 view .LVU84
 174:Src/stm32f4xx_hal_msp.c ****     HAL_GPIO_Init(GPIOA, &GPIO_InitStruct);
 367              		.loc 1 174 31 is_stmt 0 view .LVU85
 368 0058 0523     		movs	r3, #5
 369 005a 0793     		str	r3, [sp, #28]
 175:Src/stm32f4xx_hal_msp.c **** 
 370              		.loc 1 175 5 is_stmt 1 view .LVU86
 371 005c 03A9     		add	r1, sp, #12
 372 005e 0348     		ldr	r0, .L24+4
 373              	.LVL12:
 175:Src/stm32f4xx_hal_msp.c **** 
 374              		.loc 1 175 5 is_stmt 0 view .LVU87
 375 0060 FFF7FEFF 		bl	HAL_GPIO_Init
 376              	.LVL13:
 377              		.loc 1 182 1 view .LVU88
 378 0064 D8E7     		b	.L20
 379              	.L25:
 380 0066 00BF     		.align	2
 381              	.L24:
 382 0068 00300140 		.word	1073819648
 383 006c 00000240 		.word	1073872896
 384              		.cfi_endproc
 385              	.LFE133:
 387              		.section	.text.HAL_SPI_MspDeInit,"ax",%progbits
 388              		.align	1
 389              		.global	HAL_SPI_MspDeInit
 390              		.syntax unified
 391              		.thumb
 392              		.thumb_func
 393              		.fpu fpv4-sp-d16
 395              	HAL_SPI_MspDeInit:
 396              	.LVL14:
 397              	.LFB134:
 183:Src/stm32f4xx_hal_msp.c **** 
 184:Src/stm32f4xx_hal_msp.c **** /**
 185:Src/stm32f4xx_hal_msp.c **** * @brief SPI MSP De-Initialization
 186:Src/stm32f4xx_hal_msp.c **** * This function freeze the hardware resources used in this example
 187:Src/stm32f4xx_hal_msp.c **** * @param hspi: SPI handle pointer
 188:Src/stm32f4xx_hal_msp.c **** * @retval None
 189:Src/stm32f4xx_hal_msp.c **** */
 190:Src/stm32f4xx_hal_msp.c **** void HAL_SPI_MspDeInit(SPI_HandleTypeDef* hspi)
 191:Src/stm32f4xx_hal_msp.c **** {
ARM GAS  /var/folders/h5/t6jc6jh127n_294bflj9bdw40000gn/T//cc70slOg.s 			page 12


 398              		.loc 1 191 1 is_stmt 1 view -0
 399              		.cfi_startproc
 400              		@ args = 0, pretend = 0, frame = 0
 401              		@ frame_needed = 0, uses_anonymous_args = 0
 402              		.loc 1 191 1 is_stmt 0 view .LVU90
 403 0000 08B5     		push	{r3, lr}
 404              	.LCFI11:
 405              		.cfi_def_cfa_offset 8
 406              		.cfi_offset 3, -8
 407              		.cfi_offset 14, -4
 192:Src/stm32f4xx_hal_msp.c ****   if(hspi->Instance==SPI1)
 408              		.loc 1 192 3 is_stmt 1 view .LVU91
 409              		.loc 1 192 10 is_stmt 0 view .LVU92
 410 0002 0268     		ldr	r2, [r0]
 411              		.loc 1 192 5 view .LVU93
 412 0004 064B     		ldr	r3, .L30
 413 0006 9A42     		cmp	r2, r3
 414 0008 00D0     		beq	.L29
 415              	.LVL15:
 416              	.L26:
 193:Src/stm32f4xx_hal_msp.c ****   {
 194:Src/stm32f4xx_hal_msp.c ****   /* USER CODE BEGIN SPI1_MspDeInit 0 */
 195:Src/stm32f4xx_hal_msp.c **** 
 196:Src/stm32f4xx_hal_msp.c ****   /* USER CODE END SPI1_MspDeInit 0 */
 197:Src/stm32f4xx_hal_msp.c ****     /* Peripheral clock disable */
 198:Src/stm32f4xx_hal_msp.c ****     __HAL_RCC_SPI1_CLK_DISABLE();
 199:Src/stm32f4xx_hal_msp.c **** 
 200:Src/stm32f4xx_hal_msp.c ****     /**SPI1 GPIO Configuration
 201:Src/stm32f4xx_hal_msp.c ****     PA5     ------> SPI1_SCK
 202:Src/stm32f4xx_hal_msp.c ****     PA6     ------> SPI1_MISO
 203:Src/stm32f4xx_hal_msp.c ****     PA7     ------> SPI1_MOSI
 204:Src/stm32f4xx_hal_msp.c ****     */
 205:Src/stm32f4xx_hal_msp.c ****     HAL_GPIO_DeInit(GPIOA, GPIO_PIN_5|GPIO_PIN_6|GPIO_PIN_7);
 206:Src/stm32f4xx_hal_msp.c **** 
 207:Src/stm32f4xx_hal_msp.c ****   /* USER CODE BEGIN SPI1_MspDeInit 1 */
 208:Src/stm32f4xx_hal_msp.c **** 
 209:Src/stm32f4xx_hal_msp.c ****   /* USER CODE END SPI1_MspDeInit 1 */
 210:Src/stm32f4xx_hal_msp.c ****   }
 211:Src/stm32f4xx_hal_msp.c **** 
 212:Src/stm32f4xx_hal_msp.c **** }
 417              		.loc 1 212 1 view .LVU94
 418 000a 08BD     		pop	{r3, pc}
 419              	.LVL16:
 420              	.L29:
 198:Src/stm32f4xx_hal_msp.c **** 
 421              		.loc 1 198 5 is_stmt 1 view .LVU95
 422 000c 054A     		ldr	r2, .L30+4
 423 000e 536C     		ldr	r3, [r2, #68]
 424 0010 23F48053 		bic	r3, r3, #4096
 425 0014 5364     		str	r3, [r2, #68]
 205:Src/stm32f4xx_hal_msp.c **** 
 426              		.loc 1 205 5 view .LVU96
 427 0016 E021     		movs	r1, #224
 428 0018 0348     		ldr	r0, .L30+8
 429              	.LVL17:
 205:Src/stm32f4xx_hal_msp.c **** 
 430              		.loc 1 205 5 is_stmt 0 view .LVU97
ARM GAS  /var/folders/h5/t6jc6jh127n_294bflj9bdw40000gn/T//cc70slOg.s 			page 13


 431 001a FFF7FEFF 		bl	HAL_GPIO_DeInit
 432              	.LVL18:
 433              		.loc 1 212 1 view .LVU98
 434 001e F4E7     		b	.L26
 435              	.L31:
 436              		.align	2
 437              	.L30:
 438 0020 00300140 		.word	1073819648
 439 0024 00380240 		.word	1073887232
 440 0028 00000240 		.word	1073872896
 441              		.cfi_endproc
 442              	.LFE134:
 444              		.section	.text.HAL_UART_MspInit,"ax",%progbits
 445              		.align	1
 446              		.global	HAL_UART_MspInit
 447              		.syntax unified
 448              		.thumb
 449              		.thumb_func
 450              		.fpu fpv4-sp-d16
 452              	HAL_UART_MspInit:
 453              	.LVL19:
 454              	.LFB135:
 213:Src/stm32f4xx_hal_msp.c **** 
 214:Src/stm32f4xx_hal_msp.c **** /**
 215:Src/stm32f4xx_hal_msp.c **** * @brief UART MSP Initialization
 216:Src/stm32f4xx_hal_msp.c **** * This function configures the hardware resources used in this example
 217:Src/stm32f4xx_hal_msp.c **** * @param huart: UART handle pointer
 218:Src/stm32f4xx_hal_msp.c **** * @retval None
 219:Src/stm32f4xx_hal_msp.c **** */
 220:Src/stm32f4xx_hal_msp.c **** void HAL_UART_MspInit(UART_HandleTypeDef* huart)
 221:Src/stm32f4xx_hal_msp.c **** {
 455              		.loc 1 221 1 is_stmt 1 view -0
 456              		.cfi_startproc
 457              		@ args = 0, pretend = 0, frame = 32
 458              		@ frame_needed = 0, uses_anonymous_args = 0
 459              		.loc 1 221 1 is_stmt 0 view .LVU100
 460 0000 00B5     		push	{lr}
 461              	.LCFI12:
 462              		.cfi_def_cfa_offset 4
 463              		.cfi_offset 14, -4
 464 0002 89B0     		sub	sp, sp, #36
 465              	.LCFI13:
 466              		.cfi_def_cfa_offset 40
 222:Src/stm32f4xx_hal_msp.c ****   GPIO_InitTypeDef GPIO_InitStruct = {0};
 467              		.loc 1 222 3 is_stmt 1 view .LVU101
 468              		.loc 1 222 20 is_stmt 0 view .LVU102
 469 0004 0023     		movs	r3, #0
 470 0006 0393     		str	r3, [sp, #12]
 471 0008 0493     		str	r3, [sp, #16]
 472 000a 0593     		str	r3, [sp, #20]
 473 000c 0693     		str	r3, [sp, #24]
 474 000e 0793     		str	r3, [sp, #28]
 223:Src/stm32f4xx_hal_msp.c ****   if(huart->Instance==USART2)
 475              		.loc 1 223 3 is_stmt 1 view .LVU103
 476              		.loc 1 223 11 is_stmt 0 view .LVU104
 477 0010 0268     		ldr	r2, [r0]
 478              		.loc 1 223 5 view .LVU105
ARM GAS  /var/folders/h5/t6jc6jh127n_294bflj9bdw40000gn/T//cc70slOg.s 			page 14


 479 0012 154B     		ldr	r3, .L36
 480 0014 9A42     		cmp	r2, r3
 481 0016 02D0     		beq	.L35
 482              	.LVL20:
 483              	.L32:
 224:Src/stm32f4xx_hal_msp.c ****   {
 225:Src/stm32f4xx_hal_msp.c ****   /* USER CODE BEGIN USART2_MspInit 0 */
 226:Src/stm32f4xx_hal_msp.c **** 
 227:Src/stm32f4xx_hal_msp.c ****   /* USER CODE END USART2_MspInit 0 */
 228:Src/stm32f4xx_hal_msp.c ****     /* Peripheral clock enable */
 229:Src/stm32f4xx_hal_msp.c ****     __HAL_RCC_USART2_CLK_ENABLE();
 230:Src/stm32f4xx_hal_msp.c **** 
 231:Src/stm32f4xx_hal_msp.c ****     __HAL_RCC_GPIOA_CLK_ENABLE();
 232:Src/stm32f4xx_hal_msp.c ****     /**USART2 GPIO Configuration
 233:Src/stm32f4xx_hal_msp.c ****     PA2     ------> USART2_TX
 234:Src/stm32f4xx_hal_msp.c ****     PA3     ------> USART2_RX
 235:Src/stm32f4xx_hal_msp.c ****     */
 236:Src/stm32f4xx_hal_msp.c ****     GPIO_InitStruct.Pin = GPIO_PIN_2|GPIO_PIN_3;
 237:Src/stm32f4xx_hal_msp.c ****     GPIO_InitStruct.Mode = GPIO_MODE_AF_PP;
 238:Src/stm32f4xx_hal_msp.c ****     GPIO_InitStruct.Pull = GPIO_NOPULL;
 239:Src/stm32f4xx_hal_msp.c ****     GPIO_InitStruct.Speed = GPIO_SPEED_FREQ_VERY_HIGH;
 240:Src/stm32f4xx_hal_msp.c ****     GPIO_InitStruct.Alternate = GPIO_AF7_USART2;
 241:Src/stm32f4xx_hal_msp.c ****     HAL_GPIO_Init(GPIOA, &GPIO_InitStruct);
 242:Src/stm32f4xx_hal_msp.c **** 
 243:Src/stm32f4xx_hal_msp.c ****   /* USER CODE BEGIN USART2_MspInit 1 */
 244:Src/stm32f4xx_hal_msp.c **** 
 245:Src/stm32f4xx_hal_msp.c ****   /* USER CODE END USART2_MspInit 1 */
 246:Src/stm32f4xx_hal_msp.c ****   }
 247:Src/stm32f4xx_hal_msp.c **** 
 248:Src/stm32f4xx_hal_msp.c **** }
 484              		.loc 1 248 1 view .LVU106
 485 0018 09B0     		add	sp, sp, #36
 486              	.LCFI14:
 487              		.cfi_remember_state
 488              		.cfi_def_cfa_offset 4
 489              		@ sp needed
 490 001a 5DF804FB 		ldr	pc, [sp], #4
 491              	.LVL21:
 492              	.L35:
 493              	.LCFI15:
 494              		.cfi_restore_state
 229:Src/stm32f4xx_hal_msp.c **** 
 495              		.loc 1 229 5 is_stmt 1 view .LVU107
 496              	.LBB8:
 229:Src/stm32f4xx_hal_msp.c **** 
 497              		.loc 1 229 5 view .LVU108
 498 001e 0021     		movs	r1, #0
 499 0020 0191     		str	r1, [sp, #4]
 229:Src/stm32f4xx_hal_msp.c **** 
 500              		.loc 1 229 5 view .LVU109
 501 0022 03F5FA33 		add	r3, r3, #128000
 502 0026 1A6C     		ldr	r2, [r3, #64]
 503 0028 42F40032 		orr	r2, r2, #131072
 504 002c 1A64     		str	r2, [r3, #64]
 229:Src/stm32f4xx_hal_msp.c **** 
 505              		.loc 1 229 5 view .LVU110
 506 002e 1A6C     		ldr	r2, [r3, #64]
ARM GAS  /var/folders/h5/t6jc6jh127n_294bflj9bdw40000gn/T//cc70slOg.s 			page 15


 507 0030 02F40032 		and	r2, r2, #131072
 508 0034 0192     		str	r2, [sp, #4]
 229:Src/stm32f4xx_hal_msp.c **** 
 509              		.loc 1 229 5 view .LVU111
 510 0036 019A     		ldr	r2, [sp, #4]
 511              	.LBE8:
 229:Src/stm32f4xx_hal_msp.c **** 
 512              		.loc 1 229 5 view .LVU112
 231:Src/stm32f4xx_hal_msp.c ****     /**USART2 GPIO Configuration
 513              		.loc 1 231 5 view .LVU113
 514              	.LBB9:
 231:Src/stm32f4xx_hal_msp.c ****     /**USART2 GPIO Configuration
 515              		.loc 1 231 5 view .LVU114
 516 0038 0291     		str	r1, [sp, #8]
 231:Src/stm32f4xx_hal_msp.c ****     /**USART2 GPIO Configuration
 517              		.loc 1 231 5 view .LVU115
 518 003a 1A6B     		ldr	r2, [r3, #48]
 519 003c 42F00102 		orr	r2, r2, #1
 520 0040 1A63     		str	r2, [r3, #48]
 231:Src/stm32f4xx_hal_msp.c ****     /**USART2 GPIO Configuration
 521              		.loc 1 231 5 view .LVU116
 522 0042 1B6B     		ldr	r3, [r3, #48]
 523 0044 03F00103 		and	r3, r3, #1
 524 0048 0293     		str	r3, [sp, #8]
 231:Src/stm32f4xx_hal_msp.c ****     /**USART2 GPIO Configuration
 525              		.loc 1 231 5 view .LVU117
 526 004a 029B     		ldr	r3, [sp, #8]
 527              	.LBE9:
 231:Src/stm32f4xx_hal_msp.c ****     /**USART2 GPIO Configuration
 528              		.loc 1 231 5 view .LVU118
 236:Src/stm32f4xx_hal_msp.c ****     GPIO_InitStruct.Mode = GPIO_MODE_AF_PP;
 529              		.loc 1 236 5 view .LVU119
 236:Src/stm32f4xx_hal_msp.c ****     GPIO_InitStruct.Mode = GPIO_MODE_AF_PP;
 530              		.loc 1 236 25 is_stmt 0 view .LVU120
 531 004c 0C23     		movs	r3, #12
 532 004e 0393     		str	r3, [sp, #12]
 237:Src/stm32f4xx_hal_msp.c ****     GPIO_InitStruct.Pull = GPIO_NOPULL;
 533              		.loc 1 237 5 is_stmt 1 view .LVU121
 237:Src/stm32f4xx_hal_msp.c ****     GPIO_InitStruct.Pull = GPIO_NOPULL;
 534              		.loc 1 237 26 is_stmt 0 view .LVU122
 535 0050 0223     		movs	r3, #2
 536 0052 0493     		str	r3, [sp, #16]
 238:Src/stm32f4xx_hal_msp.c ****     GPIO_InitStruct.Speed = GPIO_SPEED_FREQ_VERY_HIGH;
 537              		.loc 1 238 5 is_stmt 1 view .LVU123
 239:Src/stm32f4xx_hal_msp.c ****     GPIO_InitStruct.Alternate = GPIO_AF7_USART2;
 538              		.loc 1 239 5 view .LVU124
 239:Src/stm32f4xx_hal_msp.c ****     GPIO_InitStruct.Alternate = GPIO_AF7_USART2;
 539              		.loc 1 239 27 is_stmt 0 view .LVU125
 540 0054 0323     		movs	r3, #3
 541 0056 0693     		str	r3, [sp, #24]
 240:Src/stm32f4xx_hal_msp.c ****     HAL_GPIO_Init(GPIOA, &GPIO_InitStruct);
 542              		.loc 1 240 5 is_stmt 1 view .LVU126
 240:Src/stm32f4xx_hal_msp.c ****     HAL_GPIO_Init(GPIOA, &GPIO_InitStruct);
 543              		.loc 1 240 31 is_stmt 0 view .LVU127
 544 0058 0723     		movs	r3, #7
 545 005a 0793     		str	r3, [sp, #28]
 241:Src/stm32f4xx_hal_msp.c **** 
ARM GAS  /var/folders/h5/t6jc6jh127n_294bflj9bdw40000gn/T//cc70slOg.s 			page 16


 546              		.loc 1 241 5 is_stmt 1 view .LVU128
 547 005c 03A9     		add	r1, sp, #12
 548 005e 0348     		ldr	r0, .L36+4
 549              	.LVL22:
 241:Src/stm32f4xx_hal_msp.c **** 
 550              		.loc 1 241 5 is_stmt 0 view .LVU129
 551 0060 FFF7FEFF 		bl	HAL_GPIO_Init
 552              	.LVL23:
 553              		.loc 1 248 1 view .LVU130
 554 0064 D8E7     		b	.L32
 555              	.L37:
 556 0066 00BF     		.align	2
 557              	.L36:
 558 0068 00440040 		.word	1073759232
 559 006c 00000240 		.word	1073872896
 560              		.cfi_endproc
 561              	.LFE135:
 563              		.section	.text.HAL_UART_MspDeInit,"ax",%progbits
 564              		.align	1
 565              		.global	HAL_UART_MspDeInit
 566              		.syntax unified
 567              		.thumb
 568              		.thumb_func
 569              		.fpu fpv4-sp-d16
 571              	HAL_UART_MspDeInit:
 572              	.LVL24:
 573              	.LFB136:
 249:Src/stm32f4xx_hal_msp.c **** 
 250:Src/stm32f4xx_hal_msp.c **** /**
 251:Src/stm32f4xx_hal_msp.c **** * @brief UART MSP De-Initialization
 252:Src/stm32f4xx_hal_msp.c **** * This function freeze the hardware resources used in this example
 253:Src/stm32f4xx_hal_msp.c **** * @param huart: UART handle pointer
 254:Src/stm32f4xx_hal_msp.c **** * @retval None
 255:Src/stm32f4xx_hal_msp.c **** */
 256:Src/stm32f4xx_hal_msp.c **** void HAL_UART_MspDeInit(UART_HandleTypeDef* huart)
 257:Src/stm32f4xx_hal_msp.c **** {
 574              		.loc 1 257 1 is_stmt 1 view -0
 575              		.cfi_startproc
 576              		@ args = 0, pretend = 0, frame = 0
 577              		@ frame_needed = 0, uses_anonymous_args = 0
 578              		.loc 1 257 1 is_stmt 0 view .LVU132
 579 0000 08B5     		push	{r3, lr}
 580              	.LCFI16:
 581              		.cfi_def_cfa_offset 8
 582              		.cfi_offset 3, -8
 583              		.cfi_offset 14, -4
 258:Src/stm32f4xx_hal_msp.c ****   if(huart->Instance==USART2)
 584              		.loc 1 258 3 is_stmt 1 view .LVU133
 585              		.loc 1 258 11 is_stmt 0 view .LVU134
 586 0002 0268     		ldr	r2, [r0]
 587              		.loc 1 258 5 view .LVU135
 588 0004 064B     		ldr	r3, .L42
 589 0006 9A42     		cmp	r2, r3
 590 0008 00D0     		beq	.L41
 591              	.LVL25:
 592              	.L38:
 259:Src/stm32f4xx_hal_msp.c ****   {
ARM GAS  /var/folders/h5/t6jc6jh127n_294bflj9bdw40000gn/T//cc70slOg.s 			page 17


 260:Src/stm32f4xx_hal_msp.c ****   /* USER CODE BEGIN USART2_MspDeInit 0 */
 261:Src/stm32f4xx_hal_msp.c **** 
 262:Src/stm32f4xx_hal_msp.c ****   /* USER CODE END USART2_MspDeInit 0 */
 263:Src/stm32f4xx_hal_msp.c ****     /* Peripheral clock disable */
 264:Src/stm32f4xx_hal_msp.c ****     __HAL_RCC_USART2_CLK_DISABLE();
 265:Src/stm32f4xx_hal_msp.c **** 
 266:Src/stm32f4xx_hal_msp.c ****     /**USART2 GPIO Configuration
 267:Src/stm32f4xx_hal_msp.c ****     PA2     ------> USART2_TX
 268:Src/stm32f4xx_hal_msp.c ****     PA3     ------> USART2_RX
 269:Src/stm32f4xx_hal_msp.c ****     */
 270:Src/stm32f4xx_hal_msp.c ****     HAL_GPIO_DeInit(GPIOA, GPIO_PIN_2|GPIO_PIN_3);
 271:Src/stm32f4xx_hal_msp.c **** 
 272:Src/stm32f4xx_hal_msp.c ****   /* USER CODE BEGIN USART2_MspDeInit 1 */
 273:Src/stm32f4xx_hal_msp.c **** 
 274:Src/stm32f4xx_hal_msp.c ****   /* USER CODE END USART2_MspDeInit 1 */
 275:Src/stm32f4xx_hal_msp.c ****   }
 276:Src/stm32f4xx_hal_msp.c **** 
 277:Src/stm32f4xx_hal_msp.c **** }
 593              		.loc 1 277 1 view .LVU136
 594 000a 08BD     		pop	{r3, pc}
 595              	.LVL26:
 596              	.L41:
 264:Src/stm32f4xx_hal_msp.c **** 
 597              		.loc 1 264 5 is_stmt 1 view .LVU137
 598 000c 054A     		ldr	r2, .L42+4
 599 000e 136C     		ldr	r3, [r2, #64]
 600 0010 23F40033 		bic	r3, r3, #131072
 601 0014 1364     		str	r3, [r2, #64]
 270:Src/stm32f4xx_hal_msp.c **** 
 602              		.loc 1 270 5 view .LVU138
 603 0016 0C21     		movs	r1, #12
 604 0018 0348     		ldr	r0, .L42+8
 605              	.LVL27:
 270:Src/stm32f4xx_hal_msp.c **** 
 606              		.loc 1 270 5 is_stmt 0 view .LVU139
 607 001a FFF7FEFF 		bl	HAL_GPIO_DeInit
 608              	.LVL28:
 609              		.loc 1 277 1 view .LVU140
 610 001e F4E7     		b	.L38
 611              	.L43:
 612              		.align	2
 613              	.L42:
 614 0020 00440040 		.word	1073759232
 615 0024 00380240 		.word	1073887232
 616 0028 00000240 		.word	1073872896
 617              		.cfi_endproc
 618              	.LFE136:
 620              		.text
 621              	.Letext0:
 622              		.file 2 "/Users/maciejtonderski/opt/gcc-arm-none-eabi-10-2020-q4-major/arm-none-eabi/include/machi
 623              		.file 3 "/Users/maciejtonderski/opt/gcc-arm-none-eabi-10-2020-q4-major/arm-none-eabi/include/sys/_
 624              		.file 4 "Drivers/CMSIS/Device/ST/STM32F4xx/Include/stm32f411xe.h"
 625              		.file 5 "Drivers/STM32F4xx_HAL_Driver/Inc/stm32f4xx_hal_def.h"
 626              		.file 6 "Drivers/STM32F4xx_HAL_Driver/Inc/stm32f4xx_hal_gpio.h"
 627              		.file 7 "Drivers/STM32F4xx_HAL_Driver/Inc/stm32f4xx_hal_dma.h"
 628              		.file 8 "Drivers/STM32F4xx_HAL_Driver/Inc/stm32f4xx_hal_i2c.h"
 629              		.file 9 "Drivers/STM32F4xx_HAL_Driver/Inc/stm32f4xx_hal_spi.h"
ARM GAS  /var/folders/h5/t6jc6jh127n_294bflj9bdw40000gn/T//cc70slOg.s 			page 18


 630              		.file 10 "Drivers/STM32F4xx_HAL_Driver/Inc/stm32f4xx_hal_uart.h"
ARM GAS  /var/folders/h5/t6jc6jh127n_294bflj9bdw40000gn/T//cc70slOg.s 			page 19


DEFINED SYMBOLS
                            *ABS*:0000000000000000 stm32f4xx_hal_msp.c
/var/folders/h5/t6jc6jh127n_294bflj9bdw40000gn/T//cc70slOg.s:18     .text.HAL_MspInit:0000000000000000 $t
/var/folders/h5/t6jc6jh127n_294bflj9bdw40000gn/T//cc70slOg.s:26     .text.HAL_MspInit:0000000000000000 HAL_MspInit
/var/folders/h5/t6jc6jh127n_294bflj9bdw40000gn/T//cc70slOg.s:80     .text.HAL_MspInit:0000000000000034 $d
/var/folders/h5/t6jc6jh127n_294bflj9bdw40000gn/T//cc70slOg.s:85     .text.HAL_I2C_MspInit:0000000000000000 $t
/var/folders/h5/t6jc6jh127n_294bflj9bdw40000gn/T//cc70slOg.s:92     .text.HAL_I2C_MspInit:0000000000000000 HAL_I2C_MspInit
/var/folders/h5/t6jc6jh127n_294bflj9bdw40000gn/T//cc70slOg.s:203    .text.HAL_I2C_MspInit:0000000000000068 $d
/var/folders/h5/t6jc6jh127n_294bflj9bdw40000gn/T//cc70slOg.s:210    .text.HAL_I2C_MspDeInit:0000000000000000 $t
/var/folders/h5/t6jc6jh127n_294bflj9bdw40000gn/T//cc70slOg.s:217    .text.HAL_I2C_MspDeInit:0000000000000000 HAL_I2C_MspDeInit
/var/folders/h5/t6jc6jh127n_294bflj9bdw40000gn/T//cc70slOg.s:262    .text.HAL_I2C_MspDeInit:0000000000000030 $d
/var/folders/h5/t6jc6jh127n_294bflj9bdw40000gn/T//cc70slOg.s:269    .text.HAL_SPI_MspInit:0000000000000000 $t
/var/folders/h5/t6jc6jh127n_294bflj9bdw40000gn/T//cc70slOg.s:276    .text.HAL_SPI_MspInit:0000000000000000 HAL_SPI_MspInit
/var/folders/h5/t6jc6jh127n_294bflj9bdw40000gn/T//cc70slOg.s:382    .text.HAL_SPI_MspInit:0000000000000068 $d
/var/folders/h5/t6jc6jh127n_294bflj9bdw40000gn/T//cc70slOg.s:388    .text.HAL_SPI_MspDeInit:0000000000000000 $t
/var/folders/h5/t6jc6jh127n_294bflj9bdw40000gn/T//cc70slOg.s:395    .text.HAL_SPI_MspDeInit:0000000000000000 HAL_SPI_MspDeInit
/var/folders/h5/t6jc6jh127n_294bflj9bdw40000gn/T//cc70slOg.s:438    .text.HAL_SPI_MspDeInit:0000000000000020 $d
/var/folders/h5/t6jc6jh127n_294bflj9bdw40000gn/T//cc70slOg.s:445    .text.HAL_UART_MspInit:0000000000000000 $t
/var/folders/h5/t6jc6jh127n_294bflj9bdw40000gn/T//cc70slOg.s:452    .text.HAL_UART_MspInit:0000000000000000 HAL_UART_MspInit
/var/folders/h5/t6jc6jh127n_294bflj9bdw40000gn/T//cc70slOg.s:558    .text.HAL_UART_MspInit:0000000000000068 $d
/var/folders/h5/t6jc6jh127n_294bflj9bdw40000gn/T//cc70slOg.s:564    .text.HAL_UART_MspDeInit:0000000000000000 $t
/var/folders/h5/t6jc6jh127n_294bflj9bdw40000gn/T//cc70slOg.s:571    .text.HAL_UART_MspDeInit:0000000000000000 HAL_UART_MspDeInit
/var/folders/h5/t6jc6jh127n_294bflj9bdw40000gn/T//cc70slOg.s:614    .text.HAL_UART_MspDeInit:0000000000000020 $d

UNDEFINED SYMBOLS
HAL_GPIO_Init
HAL_GPIO_DeInit
